0.01 0.09 0.10 0.04 0.08 
0.00 0.06 0.11 0.04 0.08 
0.00 0.07 0.09 0.06 0.08 
0.09 0.14 0.12 0.19 0.10 
0.01 0.06 0.10 0.04 0.11 
0.08 0.15 0.12 0.19 0.09 
0.84 0.68 0.59 0.74 0.42 
0.08 0.15 0.11 0.19 0.09 
0.09 0.16 0.11 0.18 0.09 
0.08 0.14 0.12 0.19 0.10 
0.09 0.14 0.12 0.19 0.09 
0.09 0.14 0.12 0.18 0.10 
0.08 0.15 0.12 0.18 0.08 
0.08 0.14 0.11 0.18 0.09 
0.01 0.05 0.09 0.03 0.09 
0.88 0.58 0.73 0.81 0.40 
0.00 0.07 0.10 0.14 0.09 
0.00 0.06 0.09 0.04 0.08 
0.01 0.06 0.10 0.14 0.08 
0.01 0.07 0.09 0.14 0.08 
0.10 0.59 0.60 0.78 0.58 
0.26 0.57 0.84 0.83 0.60 
0.10 0.59 0.66 0.82 0.55 
0.44 0.19 0.14 0.24 0.10 
0.11 0.63 0.59 0.87 0.57 
0.00 0.10 0.10 0.06 0.10 
0.26 0.60 0.58 0.96 0.57 
0.42 0.18 0.13 0.25 0.11 
0.10 0.58 0.58 0.79 0.67 
0.26 0.59 0.60 0.84 0.58 
0.10 0.60 0.58 1.00 0.55 
0.42 0.20 0.13 0.24 0.11 
0.10 0.58 0.66 0.78 0.61 
0.00 0.10 0.10 0.07 0.09 
0.26 0.79 0.60 0.78 0.55 
0.44 0.19 0.12 0.25 0.29 
0.11 0.64 0.57 0.75 0.56 
0.26 0.60 0.61 0.91 0.55 
0.10 0.60 0.60 0.82 0.55 
0.43 0.28 0.12 0.25 0.28 
0.10 0.61 0.61 0.81 0.54 
0.02 0.09 0.09 0.06 0.09 
0.26 0.60 0.60 0.93 0.54 
0.43 0.18 0.13 0.23 0.09 
0.10 0.62 0.59 0.80 0.73 
0.25 0.61 0.59 0.83 0.61 
0.11 0.59 0.59 1.20 0.56 
0.43 0.19 0.13 0.24 0.10 
0.10 0.59 0.59 0.82 0.64 
0.01 0.09 0.10 0.06 0.09 
0.25 0.58 0.58 0.79 0.55 
0.43 0.19 0.12 0.26 0.10 
0.01 0.09 0.09 0.05 0.08 
0.01 0.05 0.10 0.14 0.08 
0.00 0.06 0.09 0.14 0.08 
0.08 0.14 0.13 0.20 0.09 
0.00 0.06 0.09 0.03 0.08 
0.09 0.14 0.12 0.19 0.09 
0.86 0.59 0.77 0.79 0.71 
0.08 0.14 0.12 0.18 0.09 
0.09 0.15 0.11 0.20 0.10 
0.09 0.14 0.12 0.19 0.10 
0.09 0.14 0.12 0.27 0.11 
0.10 0.15 0.15 0.19 0.11 
0.01 0.06 0.19 0.04 0.08 
0.86 0.62 0.60 0.75 0.64 
0.01 0.06 0.19 0.05 0.07 
0.00 0.05 0.10 0.07 0.09 
0.00 0.06 0.10 0.04 0.08 
0.01 0.06 0.09 0.14 0.08 
0.00 0.06 0.10 0.14 0.09 
0.01 0.07 0.10 0.14 0.09 
0.01 0.11 0.10 0.05 0.11 
0.26 0.58 0.58 1.06 0.64 
0.25 0.59 0.58 0.79 0.64 
0.09 0.69 0.60 0.84 0.59 
0.25 0.62 0.61 0.79 0.64 
0.43 0.19 0.13 0.29 0.11 
0.10 0.60 0.59 0.80 0.60 
0.00 0.10 0.09 0.05 0.09 
0.00 0.17 0.10 0.05 0.10 
0.26 0.64 0.59 0.81 0.59 
0.25 0.61 0.72 0.87 0.66 
0.10 0.59 0.57 0.81 0.59 
0.26 0.77 0.60 0.86 0.58 
0.45 0.19 0.13 0.25 0.10 
0.10 0.82 0.64 0.80 0.63 
0.01 0.10 0.11 0.05 0.09 
0.01 0.09 0.09 0.06 0.09 
0.25 0.60 0.57 0.92 0.68 
0.25 0.62 0.60 0.80 0.60 
0.10 0.58 0.63 0.81 0.65 
0.25 0.60 0.58 0.82 0.73 
0.43 0.19 0.12 0.23 0.12 
0.10 0.65 0.57 0.82 0.60 
0.00 0.09 0.10 0.06 0.09 
0.01 0.09 0.18 0.08 0.10 
0.26 0.59 0.58 0.88 0.58 
0.25 0.58 0.58 0.99 0.59 
0.10 0.64 0.60 0.89 0.59 
0.25 0.62 0.59 0.76 0.67 
0.42 0.20 0.13 0.24 0.11 
0.09 0.59 0.71 0.79 0.60 
0.00 0.09 0.19 0.05 0.09 
0.04 0.01 0.13 0.01 0.00 
0.06 0.02 0.24 0.01 0.00 
0.04 0.01 0.03 0.00 0.01 
0.01 0.05 0.19 0.05 0.02 
0.03 0.01 0.23 0.01 0.01 
0.03 0.02 0.05 0.01 0.01 
0.04 0.02 0.13 0.01 0.01 
0.01 0.16 0.09 0.03 0.02 
0.00 0.00 0.16 0.00 0.01 
0.88 0.01 0.27 0.03 0.01 
0.01 0.01 0.01 0.01 0.01 
0.83 0.01 0.00 0.02 0.01 
0.01 0.04 0.03 0.07 0.03 
0.01 0.04 0.12 0.07 0.01 
0.87 0.04 0.02 0.04 0.01 
0.01 0.04 0.22 0.07 0.03 
0.01 0.04 1.25 0.09 0.01 
1.12 0.04 0.01 0.04 0.01 
0.03 0.02 0.03 0.01 0.02 
0.02 0.02 0.03 0.00 0.00 
0.04 0.02 0.03 0.01 0.01 
0.01 0.06 0.09 0.05 0.01 
0.03 0.01 0.03 0.01 0.06 
0.04 0.01 0.03 0.01 0.00 
0.03 0.02 0.03 0.00 0.00 
0.02 0.05 0.10 0.04 0.02 
0.01 0.00 0.01 0.00 0.01 
0.86 0.01 0.21 0.03 0.00 
0.00 0.01 0.20 0.01 0.01 
0.88 0.00 0.20 0.02 0.00 
0.00 0.04 0.22 0.07 0.04 
0.00 0.04 0.12 0.07 0.02 
0.86 0.03 0.02 0.04 0.01 
0.01 0.05 0.22 0.07 0.03 
0.01 0.05 0.02 0.08 0.02 
0.88 0.03 0.02 0.03 0.00 
0.01 0.00 0.13 0.01 0.00 
0.85 0.01 0.01 0.03 0.01 
0.00 0.00 0.00 0.00 0.00 
1.00 0.01 0.01 0.03 0.01 
0.84 0.59 0.85 0.77 0.22 
0.87 0.60 0.57 0.83 0.20 
0.87 0.57 0.57 0.91 0.20 
0.01 0.06 0.08 0.04 0.01 
0.00 0.07 0.22 0.04 0.11 
0.83 0.29 0.09 0.26 0.13 
0.00 0.05 0.21 0.04 0.11 
0.83 0.38 0.09 0.22 0.12 
0.00 0.06 0.43 0.21 0.16 
0.00 0.06 0.42 0.22 0.12 
0.88 0.21 0.09 0.05 0.12 
0.00 0.06 0.09 0.05 0.09 
0.00 0.05 0.09 0.04 0.09 
0.00 0.06 0.24 0.05 0.09 
0.00 0.06 0.09 0.04 0.08 
0.87 0.58 0.57 0.85 0.20 
0.84 0.66 0.59 0.82 0.20 
0.84 0.64 0.60 0.83 0.21 
0.25 0.60 0.57 1.02 0.65 
0.01 0.06 0.09 0.05 0.09 
0.01 0.05 0.09 0.04 0.09 
0.01 0.08 0.10 0.04 0.10 
0.01 0.06 0.09 0.09 0.09 
0.01 0.08 0.11 0.06 0.09 
0.01 0.10 0.11 0.07 0.09 
0.24 0.59 0.59 0.82 0.57 
0.01 0.09 0.10 0.07 0.10 
0.00 0.09 0.11 0.05 0.09 
0.35 0.59 0.60 0.81 0.62 
0.18 0.06 0.15 0.03 0.08 
0.19 0.07 0.09 0.05 0.10 
0.00 0.12 0.09 0.07 0.09 
0.19 0.06 0.10 0.05 0.11 
0.19 0.05 0.29 0.04 0.09 
0.01 0.10 0.10 0.06 0.10 
0.84 0.58 0.60 0.74 0.59 
0.96 0.61 0.57 0.76 0.58 
0.85 0.59 0.60 0.79 0.59 
0.84 0.63 0.58 0.75 0.57 
0.99 0.60 0.74 0.85 0.59 
0.84 0.64 0.60 0.81 0.58 
0.86 0.60 0.60 0.79 0.63 
0.01 0.09 0.10 0.06 0.10 
0.00 0.10 0.10 0.05 0.10 
0.25 0.61 0.62 0.81 0.58 
0.00 0.09 0.10 0.06 0.09 
0.01 0.12 0.10 0.06 0.11 
0.26 0.60 0.59 0.83 0.27 
0.82 0.58 0.86 0.79 0.27 
0.87 0.58 0.61 0.82 0.64 
0.83 0.59 0.62 0.77 0.49 
0.86 0.72 0.80 0.85 0.62 
0.84 0.58 0.57 0.92 0.60 
0.24 0.63 0.58 0.77 0.58 
0.17 0.06 0.10 0.04 0.03 
0.19 0.06 0.15 0.08 0.08 
0.00 0.09 0.10 0.06 0.04 
0.18 0.06 0.10 0.04 0.08 
0.18 0.09 0.09 0.04 0.04 
0.01 0.09 0.14 0.07 0.09 
0.00 0.09 0.09 0.07 0.10 
0.00 0.08 0.11 0.07 0.09 
0.82 0.57 0.66 0.82 0.60 
0.86 0.59 0.60 0.81 0.70 
0.88 0.59 0.64 0.77 0.63 
0.00 0.10 0.09 0.06 0.10 
0.00 0.01 0.01 0.00 0.01 
0.26 0.72 0.59 0.90 0.59 
0.82 0.59 0.59 0.88 0.73 
0.08 0.05 0.09 0.04 0.02 
0.01 0.09 0.10 0.06 0.09 
0.00 0.00 0.01 0.01 0.00 
0.26 0.59 0.59 0.80 0.58 
0.88 0.60 0.66 0.79 0.57 
0.08 0.06 0.10 0.05 0.10 
0.01 0.17 0.10 0.05 0.10 
0.01 0.01 0.00 0.00 0.00 
0.26 0.70 0.58 0.85 0.57 
0.82 0.59 0.57 0.76 0.58 
0.07 0.05 0.13 0.04 0.09 
0.00 0.09 0.09 0.06 0.04 
0.00 0.01 0.01 0.01 0.00 
0.25 0.57 0.60 0.78 0.60 
1.03 0.66 0.59 0.90 0.67 
0.08 0.06 0.08 0.04 0.12 
0.00 0.12 0.09 0.06 0.09 
0.01 0.06 0.11 0.04 0.03 
0.01 0.06 0.10 0.04 0.03 
0.00 0.06 0.09 0.05 0.03 
0.09 0.14 0.12 0.20 0.10 
0.01 0.06 0.11 0.05 0.08 
0.09 0.14 0.15 0.21 0.09 
0.43 0.42 0.44 0.42 0.12 
0.09 0.15 0.12 0.18 0.09 
0.10 0.28 0.16 0.20 0.09 
0.09 0.14 0.11 0.18 0.20 
0.10 0.15 0.11 0.19 0.09 
0.10 0.16 0.13 0.18 0.10 
0.08 0.15 0.12 0.19 0.09 
0.08 0.15 0.14 0.18 0.09 
0.01 0.06 0.11 0.04 0.09 
0.42 0.45 0.44 0.48 0.11 
0.00 0.06 0.09 0.05 0.09 
0.01 0.07 0.10 0.04 0.09 
0.01 0.05 0.09 0.04 0.09 
0.01 0.06 0.10 0.05 0.09 
0.10 0.42 0.42 0.43 0.16 
0.26 0.59 0.47 0.44 0.12 
0.10 0.43 0.42 0.43 0.15 
0.40 0.19 0.12 0.24 0.10 
0.10 0.53 0.41 0.42 0.16 
0.01 0.09 0.10 0.06 0.10 
0.26 0.44 0.43 0.46 0.23 
0.44 0.28 0.13 0.28 0.10 
0.11 0.44 0.44 0.41 0.23 
0.26 0.43 0.43 0.43 0.25 
0.15 0.47 0.44 0.41 0.25 
0.41 0.18 0.13 0.44 0.11 
0.10 0.43 0.43 0.42 0.58 
0.00 0.09 0.14 0.06 0.10 
0.25 0.44 0.43 0.41 0.24 
0.41 0.18 0.12 0.24 0.09 
0.10 0.44 0.56 0.47 0.25 
0.26 1.59 0.43 0.43 0.23 
0.16 0.53 0.51 0.44 0.25 
0.42 0.19 0.13 0.25 0.10 
0.10 0.40 0.43 0.41 0.49 
0.00 0.09 0.11 0.06 0.09 
0.30 0.47 0.43 0.42 0.25 
0.41 0.19 0.12 0.23 0.10 
0.10 0.44 0.54 0.48 0.18 
0.35 0.43 0.44 0.42 0.15 
0.09 0.44 0.44 0.46 0.16 
0.43 0.19 0.17 0.23 0.10 
0.10 0.43 0.63 0.44 0.39 
0.00 0.10 0.10 0.07 0.10 
0.25 0.56 0.44 0.44 0.37 
0.41 0.19 0.12 0.24 0.10 
0.01 0.06 0.08 0.05 0.08 
0.01 0.06 0.09 0.05 0.09 
0.01 0.06 0.10 0.04 0.09 
0.09 0.15 0.12 0.18 0.09 
0.01 0.06 0.10 0.05 0.09 
0.08 0.15 0.12 0.19 0.09 
0.45 0.44 0.42 0.53 0.46 
0.08 0.14 0.11 0.18 0.08 
0.08 0.14 0.12 0.31 0.09 
0.10 0.15 0.12 0.19 0.09 
0.09 0.13 0.12 0.18 0.14 
0.09 0.14 0.12 0.19 0.10 
0.00 0.06 0.09 0.03 0.08 
0.43 0.42 0.43 0.41 0.30 
0.01 0.06 0.09 0.04 0.08 
0.01 0.05 0.09 0.04 0.08 
0.00 0.05 0.09 0.04 0.09 
0.01 0.06 0.10 0.04 0.11 
0.00 0.05 0.09 0.05 0.09 
0.00 0.06 0.09 0.04 0.08 
0.01 0.09 0.10 0.06 0.09 
0.25 0.44 0.44 0.41 0.55 
0.26 0.44 0.42 0.46 0.46 
0.11 0.42 0.41 0.41 0.44 
0.26 0.49 0.42 0.42 0.45 
0.68 0.22 0.12 0.24 0.08 
0.10 0.43 0.44 0.43 0.55 
0.01 0.09 0.10 0.07 0.08 
0.01 0.08 0.10 0.07 0.09 
0.25 0.42 0.47 0.42 0.43 
0.25 0.43 0.43 0.48 0.44 
0.10 0.43 0.43 0.42 0.61 
0.28 0.44 0.44 0.42 0.59 
0.47 0.22 0.16 0.25 0.11 
0.11 0.42 0.42 0.47 0.45 
0.01 0.09 0.10 0.06 0.09 
0.01 0.14 0.10 0.05 0.09 
0.26 0.47 0.46 0.42 0.44 
0.26 0.43 0.47 0.41 0.45 
0.10 0.42 0.42 0.59 0.45 
0.26 0.43 0.42 0.42 0.50 
0.43 0.19 0.11 0.24 0.12 
0.12 0.44 0.44 0.42 0.42 
0.00 0.21 0.13 0.07 0.08
0.00 0.10 0.21 0.06 0.08 
0.28 0.48 0.43 0.45 0.44 
0.34 0.47 0.42 0.43 0.44 
0.10 0.43 0.43 0.52 0.44 
0.25 0.43 1.83 0.43 0.43 
0.42 0.23 0.13 0.23 0.12 
0.10 0.43 0.42 0.59 0.45 
0.01 0.09 0.10 0.06 0.09 
0.03 0.02 0.04 0.01 0.01 
0.03 0.02 0.03 0.01 0.01 
0.03 0.01 0.04 0.01 0.00 
0.01 0.06 0.09 0.04 0.02 
0.03 0.02 0.04 0.01 0.00 
0.03 0.01 0.03 0.00 0.00 
0.03 0.02 0.03 0.00 0.01 
0.01 0.06 0.10 0.08 0.02 
0.01 0.01 0.01 0.00 0.00 
0.42 0.01 0.01 0.02 0.01 
0.00 0.01 0.01 0.01 0.00 
0.42 0.00 0.01 0.02 0.01 
0.00 0.04 0.03 0.08 0.03 
0.01 0.05 0.03 0.08 0.02 
0.43 0.03 0.02 0.03 0.01 
0.01 0.04 0.03 0.07 0.04 
0.01 0.04 0.02 0.08 0.01 
0.43 0.04 0.02 0.03 0.00 
0.03 0.01 0.04 0.01 0.02 
0.04 0.01 0.03 0.00 0.01 
0.03 0.02 0.04 0.00 0.00 
0.01 0.06 0.09 0.04 0.02 
0.03 0.02 0.04 0.01 0.05 
0.03 0.01 0.04 0.01 0.01 
0.03 0.02 0.03 0.01 0.01 
0.00 0.06 0.09 0.05 0.02 
0.01 0.00 0.01 0.00 0.00 
0.43 0.01 0.00 0.03 0.00 
0.00 0.01 0.01 0.00 0.00 
0.50 0.00 0.01 0.02 0.00 
0.01 0.04 0.03 0.08 0.04 
0.01 0.04 0.03 0.07 0.02 
0.43 0.04 0.01 0.04 0.00 
0.01 0.04 0.03 0.07 0.05 
0.00 0.05 0.03 0.07 0.02 
0.42 0.03 0.02 0.03 0.01 
0.01 0.01 0.01 0.00 0.01 
0.46 0.01 0.01 0.03 0.01 
0.00 0.00 0.01 0.01 0.01 
0.42 0.00 0.00 0.02 0.01 
0.43 0.45 0.67 0.43 0.20 
0.43 0.43 0.42 0.48 0.21 
0.43 0.44 0.50 0.43 0.21 
0.01 0.06 0.09 0.04 0.02 
0.01 0.06 0.21 0.04 0.12 
0.47 0.30 0.09 0.23 0.15 
0.00 0.06 0.25 0.05 0.11 
0.44 0.30 0.10 0.22 0.13 
0.01 0.06 0.45 0.22 0.08 
0.01 0.06 0.43 0.23 0.12 
0.43 0.22 0.09 0.04 0.14 
0.00 0.06 0.09 0.05 0.09 
0.01 0.10 0.09 0.05 0.08 
0.00 0.07 0.11 0.05 0.08 
0.00 0.06 0.10 0.04 0.09 
0.58 0.45 0.44 0.42 0.20 
0.43 0.43 0.43 0.49 0.22 
0.40 0.47 0.43 0.46 0.19 
0.26 0.43 0.42 0.43 0.44 
0.01 0.05 0.09 0.05 0.08 
0.01 0.10 0.12 0.05 0.08 
0.01 0.06 0.09 0.05 0.08 
0.00 0.07 0.19 0.05 0.08 
0.01 0.10 0.09 0.05 0.09 
0.01 0.10 0.10 0.06 0.09 
0.24 0.44 0.41 0.42 0.42 
0.00 0.09 0.10 0.05 0.09 
0.00 0.08 0.10 0.06 0.13 
0.25 0.62 0.44 0.46 0.42 
0.17 0.05 0.09 0.04 0.08 
0.19 0.06 0.09 0.04 0.08 
0.00 0.10 0.10 0.05 0.09 
0.18 0.06 0.09 0.05 0.08 
0.19 0.05 0.10 0.04 0.11 
0.01 0.10 0.10 0.06 0.09 
0.54 0.48 0.44 0.43 0.45 
0.52 0.43 0.42 0.41 0.46 
0.49 0.43 0.42 0.41 0.42 
0.41 0.44 0.42 0.41 0.42 
0.44 0.57 0.43 0.42 0.43 
0.41 0.42 0.43 0.41 0.42 
0.41 0.44 0.44 0.42 0.44 
0.01 0.09 0.10 0.05 0.09 
0.01 0.09 0.10 0.06 0.09 
0.25 0.42 0.44 0.41 0.49 
0.01 0.09 0.10 0.05 0.09 
0.01 0.09 0.14 0.06 0.23 
0.26 0.44 0.42 0.41 0.43 
0.42 0.43 0.41 0.41 0.66 
0.46 0.42 0.42 0.43 0.43 
0.42 0.42 0.42 0.42 0.44 
0.43 0.61 0.44 0.43 0.42 
0.42 0.44 0.41 0.43 0.44 
0.25 0.43 0.58 0.43 0.44 
0.19 0.07 0.09 0.04 0.08 
0.18 0.05 0.09 0.04 0.08 
0.01 0.09 0.11 0.06 0.10 
0.20 0.05 0.09 0.04 0.08 
0.18 0.06 0.10 0.04 0.09 
0.00 0.09 0.10 0.06 0.09 
0.01 0.09 0.10 0.07 0.10 
0.01 0.29 0.10 0.06 0.08 
0.44 0.42 0.43 0.42 0.44 
0.42 0.43 0.43 0.42 0.53 
0.47 0.43 0.43 0.43 0.44 
0.00 0.09 0.10 0.06 0.09 
0.01 0.01 0.01 0.01 0.01 
0.27 0.43 0.42 0.42 0.65 
0.42 0.44 0.52 0.42 0.43 
0.08 0.06 0.09 0.04 0.08 
0.00 0.10 0.14 0.10 0.20 
0.01 0.00 0.00 0.01 0.01 
0.26 0.46 0.43 0.48 0.43 
0.40 0.42 0.42 0.42 0.44 
0.08 0.05 0.08 0.04 0.08 
0.01 0.09 0.09 0.05 0.10 
0.00 0.00 0.00 0.01 0.00 
0.24 0.52 0.45 0.42 0.43 
0.41 0.42 0.41 0.43 0.43 
0.08 0.07 0.09 0.04 0.07 
0.01 0.10 0.11 0.05 0.09 
0.01 0.01 0.00 0.01 0.01 
0.27 0.46 0.44 0.43 0.43 
0.41 0.51 0.41 0.42 0.43 
0.08 0.06 0.09 0.04 0.22 
0.01 0.11 0.10 0.06 0.08 
0.00 0.05 0.09 0.04 0.08 
0.00 0.06 0.08 0.05 0.09 
0.00 0.06 0.09 0.03 0.08 
0.08 0.14 0.11 0.19 0.09 
0.01 0.06 0.09 0.03 0.08 
0.08 0.15 0.11 0.19 0.09 
0.84 0.62 0.59 0.92 0.38 
0.07 0.14 0.11 0.18 0.09 
0.07 0.13 0.11 0.17 0.08 
0.07 0.16 0.11 0.18 0.09 
0.08 0.14 0.11 0.18 0.09 
0.10 0.14 0.13 0.17 0.09 
0.09 0.24 0.11 0.18 0.15 
0.07 0.14 0.11 0.18 0.09 
0.00 0.06 0.08 0.04 0.08 
0.84 0.59 0.58 0.82 0.38 
0.00 0.07 0.08 0.04 0.13 
0.01 0.11 0.09 0.04 0.09 
0.00 0.07 0.09 0.04 0.09 
0.01 0.06 0.09 0.03 0.08 
0.09 0.60 0.57 0.81 0.60 
0.26 0.60 0.62 0.80 0.55 
0.09 0.76 0.58 0.79 0.61 
0.56 0.18 0.13 0.24 0.10 
0.09 0.57 0.56 0.81 0.58 
0.01 0.09 0.10 0.06 0.09 
0.24 0.61 0.56 0.73 0.57 
0.42 0.19 0.13 0.23 0.10 
0.09 0.61 0.60 0.98 0.55 
0.26 0.57 0.59 0.75 0.58 
0.10 0.57 0.57 0.79 0.55 
0.51 0.18 0.12 0.24 0.10 
0.10 0.59 0.64 0.94 0.54 
0.01 0.09 0.09 0.06 0.10 
0.25 0.60 0.57 0.75 0.57 
0.41 0.22 0.13 0.23 0.09 
0.11 0.59 0.81 0.75 0.55 
0.24 0.61 0.72 0.81 0.55 
0.10 0.57 0.57 2.18 0.55 
0.41 0.18 0.12 0.23 0.10 
0.11 0.57 0.55 0.72 0.54 
0.00 0.10 0.10 0.24 0.09 
0.27 0.60 0.56 0.79 0.54 
0.40 0.17 0.13 0.23 0.10 
0.10 0.59 0.61 0.79 0.55 
0.24 0.58 0.56 0.75 0.59 
0.28 0.63 0.56 0.75 0.55 
0.43 0.17 0.13 0.24 0.10 
0.09 0.57 0.64 0.74 0.70 
0.00 0.09 0.10 0.06 0.09 
0.23 0.55 0.55 0.73 0.62 
0.46 0.18 0.13 0.23 0.10 
0.01 0.05 0.08 0.03 0.08 
0.01 0.05 0.09 0.04 0.07 
0.01 0.05 0.09 0.04 0.08 
0.08 0.13 0.11 0.18 0.08 
0.00 0.05 0.09 0.04 0.07 
0.08 0.13 0.12 0.18 0.09 
0.81 0.69 0.67 0.80 0.62 
0.09 0.15 0.11 0.16 0.09 
0.07 0.14 0.11 0.16 0.09 
0.08 0.14 0.11 0.19 0.09 
0.13 0.14 0.12 0.24 0.21 
0.08 0.15 0.13 0.18 0.10 
0.01 0.06 0.10 0.05 0.08 
0.95 0.57 0.58 0.75 0.60 
0.03 0.05 0.09 0.04 0.08 
0.01 0.05 0.09 0.04 0.08 
0.01 0.04 0.09 0.03 0.08 
0.00 0.05 0.09 0.03 0.08 
0.01 0.06 0.09 0.04 0.08 
0.01 0.06 0.11 0.04 0.08 
0.00 0.09 0.10 0.06 0.11 
0.25 0.58 0.58 1.00 0.59 
0.23 0.57 0.58 0.80 0.58 
0.09 0.58 0.93 0.83 0.58 
0.26 0.57 0.55 0.79 0.68 
0.41 0.22 0.12 0.24 0.10 
0.10 0.59 0.57 0.80 0.58 
0.00 0.10 0.09 0.05 0.10 
0.00 0.19 0.10 0.06 0.08 
0.24 0.63 0.58 0.74 0.58 
0.31 0.59 0.57 0.91 0.67 
0.10 0.57 0.57 0.75 0.56 
0.25 0.58 0.63 0.84 0.57 
0.41 0.18 0.12 0.23 0.11 
0.09 0.57 0.57 0.91 0.56 
0.01 0.12 0.11 0.05 0.10 
0.00 0.09 0.11 0.05 0.09 
0.25 0.57 0.56 0.75 0.88 
0.26 0.58 0.63 0.74 0.59 
0.10 0.58 0.57 0.91 0.59 
0.26 0.63 0.59 0.77 0.61 
0.43 0.19 0.13 0.30 0.11 
0.10 0.58 0.62 0.76 0.60 
0.00 0.09 0.10 0.06 0.08 
0.00 0.08 0.10 0.06 0.09 
0.24 0.59 0.72 0.96 0.59 
0.26 0.60 0.56 0.74 0.59 
0.10 0.58 0.56 0.87 0.63 
0.25 0.58 0.59 0.91 0.58 
0.42 0.21 0.14 0.26 0.11 
0.10 0.58 0.56 0.99 0.57 
0.01 0.09 0.09 0.06 0.10 
0.03 0.02 0.03 0.01 0.01 
0.04 0.02 0.04 0.00 0.01 
0.04 0.02 0.03 0.00 0.00 
0.01 0.05 0.09 0.04 0.01 
0.03 0.02 0.04 0.03 0.01 
0.03 0.02 0.03 0.01 0.01 
0.03 0.02 0.03 0.01 0.00 
0.01 0.05 0.09 0.05 0.01 
0.01 0.01 0.01 0.01 0.00 
0.82 0.01 0.01 0.02 0.00 
0.00 0.00 0.01 0.01 0.01 
0.96 0.00 0.00 0.04 0.00 
0.00 0.04 0.02 0.07 0.04 
0.01 0.04 0.03 0.07 0.01 
0.90 0.04 0.01 0.03 0.00 
0.00 0.04 0.03 0.11 0.03 
0.01 0.04 0.02 0.08 0.01 
0.85 0.03 0.01 0.03 0.01 
0.04 0.02 0.04 0.01 0.03 
0.03 0.02 0.03 0.01 0.01 
0.03 0.01 0.04 0.00 0.01 
0.00 0.06 0.09 0.05 0.02 
0.02 0.01 0.03 0.00 0.05 
0.03 0.02 0.04 0.01 0.01 
0.03 0.01 0.04 0.00 0.01 
0.00 0.05 0.08 0.03 0.02 
0.00 0.01 0.01 0.01 0.01 
0.87 0.01 0.00 0.02 0.01 
0.01 0.01 0.01 0.01 0.01 
0.89 0.01 0.01 0.02 0.00 
0.00 0.04 0.03 0.08 0.04 
0.00 0.04 0.03 0.09 0.02 
0.84 0.03 0.02 0.03 0.00 
0.00 0.05 0.02 0.08 0.04 
0.00 0.05 0.02 0.15 0.02 
0.88 0.03 0.02 0.03 0.01 
0.01 0.00 0.01 0.01 0.01 
0.81 0.01 0.01 0.03 0.01 
0.04 0.01 0.01 0.01 0.00 
0.84 0.00 0.01 0.02 0.01 
0.85 0.57 0.62 0.83 0.22 
0.96 0.59 0.57 0.83 0.33 
0.83 0.60 0.58 0.85 0.45 
0.00 0.05 0.09 0.03 0.02 
0.01 0.07 0.22 0.04 0.12 
0.87 0.30 0.09 0.20 0.13 
0.00 0.05 0.21 0.05 0.11 
0.90 0.30 0.09 0.22 0.12 
0.01 0.06 0.40 0.21 0.09 
0.00 0.06 0.56 0.24 0.12 
0.81 0.22 0.10 0.04 0.12 
0.01 0.05 0.09 0.04 0.09 
0.00 0.06 0.09 0.04 0.16 
0.00 0.06 0.10 0.04 0.09 
0.01 0.06 0.09 0.03 0.08 
0.83 0.65 0.60 0.75 0.20 
0.84 2.06 0.72 0.80 0.20 
0.84 0.64 0.57 0.74 0.19 
0.29 0.60 0.57 0.85 0.57 
0.01 0.06 0.14 0.05 0.08 
0.01 0.06 0.09 0.04 0.08 
0.01 0.05 0.09 0.03 0.08 
0.00 0.06 0.10 0.05 0.09 
0.01 0.10 0.10 0.06 0.15 
0.01 0.09 0.12 0.06 0.09 
0.26 0.58 0.57 0.98 0.62 
0.01 0.08 0.10 0.06 0.09 
0.01 0.09 0.10 0.06 0.09 
0.26 0.63 0.59 0.75 0.57 
0.18 0.06 0.10 0.05 0.09 
0.23 0.05 0.10 0.05 0.09 
0.01 0.09 0.10 0.06 0.09 
0.19 0.06 0.09 0.04 0.07 
0.29 0.07 0.09 0.04 0.08 
0.01 0.09 0.12 0.06 0.09 
0.83 0.57 0.62 0.83 0.58 
0.91 0.58 0.57 0.75 0.57 
0.89 0.59 0.75 0.76 0.57 
0.83 0.57 0.60 0.82 0.63 
0.84 0.58 0.59 0.78 0.62 
0.97 0.62 0.58 0.99 0.58 
0.88 0.60 0.59 0.81 0.58 
0.01 0.09 0.10 0.05 0.10 
0.01 0.09 0.10 0.06 0.10 
0.25 0.58 0.65 0.76 0.59 
0.01 0.10 0.10 0.06 0.08 
0.01 0.09 0.10 0.07 0.09 
0.26 0.57 0.57 0.76 0.64 
0.92 0.59 0.58 0.81 0.75 
0.85 0.64 0.84 0.80 1.88 
0.86 0.67 0.60 0.74 0.56 
0.81 0.59 0.57 0.80 0.62 
1.10 0.62 0.56 0.76 0.56 
0.29 0.63 0.59 0.75 0.57 
0.18 0.05 0.11 0.04 0.09 
0.18 0.06 0.11 0.04 0.08 
0.01 0.10 0.10 0.06 0.09 
0.18 0.06 0.10 0.05 0.12 
0.20 0.14 0.11 0.05 0.08 
0.00 0.10 0.17 0.06 0.10 
0.00 0.09 0.10 0.06 0.08 
0.00 0.11 0.10 0.06 0.11 
0.83 0.59 0.56 0.82 0.66 
0.85 0.59 0.60 0.88 0.59 
0.99 0.59 0.60 0.84 0.58 
0.01 0.09 0.11 0.06 0.08 
0.01 0.01 0.00 0.01 0.01 
0.25 0.59 0.69 0.84 0.57 
0.81 0.60 0.59 0.82 0.75 
0.16 0.15 0.13 0.05 0.11 
0.01 0.11 0.09 0.05 0.10 
0.00 0.00 0.00 0.01 0.00 
0.26 0.64 0.62 0.77 0.65 
0.89 0.57 0.59 0.75 0.58 
0.09 0.06 0.08 0.04 0.09 
0.00 0.09 0.12 0.06 0.09 
0.00 0.01 0.00 0.00 0.01 
0.25 0.84 0.59 0.75 0.59 
0.83 0.61 0.57 0.86 0.59 
0.08 0.05 0.09 0.04 0.08 
0.00 0.09 0.09 0.06 0.10 
0.01 0.00 0.01 0.00 0.00 
0.26 0.56 0.59 0.76 0.79 
0.86 0.57 0.60 0.75 0.59 
0.09 0.07 0.10 0.04 0.09 
0.00 0.09 0.11 0.07 0.08 
